[debug] [2020-09-22T20:53:02.167Z] ----------------------------------------------------------------------
[debug] [2020-09-22T20:53:02.170Z] Command:       C:\Program Files\nodejs\node.exe C:\Users\RollingCode\AppData\Roaming\npm\node_modules\firebase-tools\lib\bin\firebase.js use --add
[debug] [2020-09-22T20:53:02.171Z] CLI Version:   8.10.0
[debug] [2020-09-22T20:53:02.171Z] Platform:      win32
[debug] [2020-09-22T20:53:02.171Z] Node Version:  v12.13.1
[debug] [2020-09-22T20:53:02.173Z] Time:          Tue Sep 22 2020 17:53:02 GMT-0300 (GMT-03:00)
[debug] [2020-09-22T20:53:02.174Z] ----------------------------------------------------------------------
[debug] [2020-09-22T20:53:02.174Z] 
[debug] [2020-09-22T20:53:02.190Z] > command requires scopes: ["email","openid","https://www.googleapis.com/auth/cloudplatformprojects.readonly","https://www.googleapis.com/auth/firebase","https://www.googleapis.com/auth/cloud-platform"]
[debug] [2020-09-22T20:53:02.191Z] > authorizing via signed-in user
[debug] [2020-09-22T20:53:02.206Z] >>> HTTP REQUEST GET https://firebase.googleapis.com/v1beta1/projects?pageSize=1000  
 
[debug] [2020-09-22T20:53:03.292Z] <<< HTTP RESPONSE 200 {"content-type":"application/json; charset=UTF-8","vary":"X-Origin, Referer, Origin,Accept-Encoding","date":"Tue, 22 Sep 2020 20:53:03 GMT","server":"ESF","cache-control":"private","x-xss-protection":"0","x-frame-options":"SAMEORIGIN","x-content-type-options":"nosniff","alt-svc":"h3-Q050=\":443\"; ma=2592000,h3-29=\":443\"; ma=2592000,h3-27=\":443\"; ma=2592000,h3-T051=\":443\"; ma=2592000,h3-T050=\":443\"; ma=2592000,h3-Q046=\":443\"; ma=2592000,h3-Q043=\":443\"; ma=2592000,quic=\":443\"; ma=2592000; v=\"46,43\"","accept-ranges":"none","transfer-encoding":"chunked"}
[debug] [2020-09-22T21:00:30.955Z] ----------------------------------------------------------------------
[debug] [2020-09-22T21:00:30.960Z] Command:       C:\Program Files\nodejs\node.exe C:\Users\RollingCode\AppData\Roaming\npm\node_modules\firebase-tools\lib\bin\firebase.js use --add
[debug] [2020-09-22T21:00:30.961Z] CLI Version:   8.10.0
[debug] [2020-09-22T21:00:30.961Z] Platform:      win32
[debug] [2020-09-22T21:00:30.961Z] Node Version:  v12.13.1
[debug] [2020-09-22T21:00:30.978Z] Time:          Tue Sep 22 2020 18:00:30 GMT-0300 (GMT-03:00)
[debug] [2020-09-22T21:00:30.979Z] ----------------------------------------------------------------------
[debug] [2020-09-22T21:00:30.979Z] 
[debug] [2020-09-22T21:00:30.996Z] > command requires scopes: ["email","openid","https://www.googleapis.com/auth/cloudplatformprojects.readonly","https://www.googleapis.com/auth/firebase","https://www.googleapis.com/auth/cloud-platform"]
[debug] [2020-09-22T21:00:30.997Z] > authorizing via signed-in user
[debug] [2020-09-22T21:00:31.005Z] >>> HTTP REQUEST GET https://firebase.googleapis.com/v1beta1/projects?pageSize=1000  
 
[debug] [2020-09-22T21:00:31.473Z] <<< HTTP RESPONSE 200 {"content-type":"application/json; charset=UTF-8","vary":"X-Origin, Referer, Origin,Accept-Encoding","date":"Tue, 22 Sep 2020 21:00:31 GMT","server":"ESF","cache-control":"private","x-xss-protection":"0","x-frame-options":"SAMEORIGIN","x-content-type-options":"nosniff","alt-svc":"h3-Q050=\":443\"; ma=2592000,h3-29=\":443\"; ma=2592000,h3-27=\":443\"; ma=2592000,h3-T051=\":443\"; ma=2592000,h3-T050=\":443\"; ma=2592000,h3-Q046=\":443\"; ma=2592000,h3-Q043=\":443\"; ma=2592000,quic=\":443\"; ma=2592000; v=\"46,43\"","accept-ranges":"none","transfer-encoding":"chunked"}
